INFO: [Common 17-3922] A valid Vivado Design Suite BASIC license has been detected. Your current license is active and will expire on 10-jul-2027.
#-----------------------------------------------------------
# Vivado v2026.1 (64-bit)
# SW Build 6511674 on Tue Jun 16 11:02:23 MDT 2026
# IP Build 6504888 on Tue Jun 09 09:05:25 MDT 2026
# SharedData Build 6501428 on Mon Jun 08 17:34:18 MDT 2026
# Start of session at: Sun Jul 12 19:33:05 2026
# Process ID         : 39192
# Current directory  : C:/Users/ayana/GreenMatrix
# Command line       : vivado.exe -mode batch -source generate_bitstream.tcl
# Log file           : C:/Users/ayana/GreenMatrix/vivado.log
# Journal file       : C:/Users/ayana/GreenMatrix\vivado.jou
# Running On         : Blessing
# Platform           : Windows 11
# Operating System   : 26200
# Processor Detail   : Intel(R) Core(TM) i7-14700F
# CPU Frequency      : 2112 MHz
# CPU Physical cores : 20
# CPU Logical cores  : 28
# Host memory        : 34193 MB
# Swap memory        : 2147 MB
# Total Virtual      : 36341 MB
# Available Virtual  : 9382 MB
#-----------------------------------------------------------
source generate_bitstream.tcl
# open_project "C:/Users/ayana/GreenChip/build/runs/Leonard_Ayana_GreenMatrix/Leonard_Ayana_GreenMatrix.xpr"
INFO: [filemgmt 56-3] Default IP Output Path : Could not find the directory 'C:/Users/ayana/GreenChip/build/runs/Leonard_Ayana_GreenMatrix/Leonard_Ayana_GreenMatrix.gen/sources_1'.
Scanning sources...
Finished scanning sources
WARNING: [Project 1-5713] Board part '' set for the project  is not found. BoardPart property will be unset. Please select board from latest repo build 
# open_run impl_1
INFO: [Device 21-403] Loading part xc7a100tcsg324-1
Netlist sorting complete. Time (s): cpu = 00:00:00 ; elapsed = 00:00:00.004 . Memory (MB): peak = 826.000 ; gain = 0.000
INFO: [Netlist 29-17] Analyzing 84 Unisim elements for replacement
INFO: [Netlist 29-28] Unisim Transformation completed in 0 CPU seconds
INFO: [Project 1-479] Netlist was created with Vivado 2026.1
INFO: [Project 1-570] Preparing netlist for logic optimization
Read ShapeDB Complete: Time (s): cpu = 00:00:00 ; elapsed = 00:00:00.004 . Memory (MB): peak = 918.473 ; gain = 0.523
INFO: [Designutils 20-5722] Start Reading Physical Databases.
Reading placement.
Read Netlist Cache: Time (s): cpu = 00:00:00 ; elapsed = 00:00:00.001 . Memory (MB): peak = 943.836 ; gain = 0.000
Reading placer database...
Read Device Cache: Time (s): cpu = 00:00:00 ; elapsed = 00:00:00.004 . Memory (MB): peak = 943.836 ; gain = 0.000
Read PlaceDB: Time (s): cpu = 00:00:00 ; elapsed = 00:00:00 . Memory (MB): peak = 943.836 ; gain = 0.000
Read placeStorage: Time (s): cpu = 00:00:00 ; elapsed = 00:00:00.013 . Memory (MB): peak = 955.762 ; gain = 11.926
Read PulsedLatchDB: Time (s): cpu = 00:00:00 ; elapsed = 00:00:00 . Memory (MB): peak = 955.762 ; gain = 0.000
Reading routing.
Read RouteStorage: Time (s): cpu = 00:00:00 ; elapsed = 00:00:00.008 . Memory (MB): peak = 955.762 ; gain = 0.000
Read Physdb Files: Time (s): cpu = 00:00:00 ; elapsed = 00:00:00.034 . Memory (MB): peak = 955.762 ; gain = 11.926
Restored from archive | CPU: 0.000000 secs | Memory: 0.000000 MB |
Finished XDEF File Restore: Time (s): cpu = 00:00:00 ; elapsed = 00:00:00.066 . Memory (MB): peak = 955.762 ; gain = 36.762
Netlist sorting complete. Time (s): cpu = 00:00:00 ; elapsed = 00:00:00 . Memory (MB): peak = 1334.566 ; gain = 0.000
INFO: [Project 1-111] Unisim Transformation Summary:
No Unisim elements were transformed.

# set_property SEVERITY Warning [get_drc_checks NSTD-1]
# set_property SEVERITY Warning [get_drc_checks UCIO-1]
# write_bitstream -force "C:/Users/ayana/GreenMatrix/GreenMatrix.bit"
Command: write_bitstream -force C:/Users/ayana/GreenMatrix/GreenMatrix.bit
Attempting to get a license for feature 'Vivado_Implementation' and/or device 'xc7a100t'
INFO: [Common 17-349] Got license for feature 'Vivado_Implementation' and/or device 'xc7a100t'
Running DRC as a precondition to command write_bitstream
INFO: [IP_Flow 19-234] Refreshing IP repositories
INFO: [IP_Flow 19-1704] No user IP repositories specified
INFO: [IP_Flow 19-2313] Loaded Vivado IP repository 'C:/AMDDesignTools/2026.1/Vivado/data/ip'.
INFO: [DRC 23-27] Running DRC with 2 threads
INFO: [Vivado 12-3199] DRC finished with 0 Errors
INFO: [Vivado 12-3200] Please refer to the DRC report (report_drc) for more information.
Integrating Hard IP ELF/MEM with the PDI.
INFO: [Designutils 20-2272] Running write_bitstream with 2 threads.
Initializing bitstream generation complete. Time (s): cpu = 00:00:00 ; elapsed = 00:00:00.504 . Memory (MB): peak = 1583.824 ; gain = 90.727
Loading data files...
Loading site data...
Loading route data...
Processing options...
Creating bitmap...
Creating bitstream...
Writing bitstream C:/Users/ayana/GreenMatrix/GreenMatrix.bit...
Generate Bitstream complete. Time (s): cpu = 00:00:07 ; elapsed = 00:00:06 . Memory (MB): peak = 1844.113 ; gain = 351.016
INFO: [Vivado 12-1842] Bitgen Completed Successfully.
INFO: [Common 17-83] Releasing license: Vivado_Implementation
10 Infos, 0 Warnings, 0 Critical Warnings and 0 Errors encountered.
write_bitstream completed successfully
write_bitstream: Time (s): cpu = 00:00:09 ; elapsed = 00:00:16 . Memory (MB): peak = 1844.113 ; gain = 509.547
# exit
INFO: [Common 17-206] Exiting Vivado at Sun Jul 12 19:33:31 2026...
